{"/Users/mark/node-work/jotr-backend/src/app.js": {"path":"/Users/mark/node-work/jotr-backend/src/app.js","statementMap":{"0":{"start":{"line":8,"column":0},"end":{"line":8,"column":10}},"1":{"start":{"line":9,"column":12},"end":{"line":9,"column":21}},"2":{"start":{"line":10,"column":0},"end":{"line":10,"column":24}},"3":{"start":{"line":11,"column":0},"end":{"line":11,"column":16}},"4":{"start":{"line":12,"column":0},"end":{"line":17,"column":2}},"5":{"start":{"line":15,"column":4},"end":{"line":15,"column":40}},"6":{"start":{"line":18,"column":0},"end":{"line":20,"column":3}},"7":{"start":{"line":19,"column":2},"end":{"line":19,"column":65}},"8":{"start":{"line":21,"column":0},"end":{"line":21,"column":18}},"9":{"start":{"line":22,"column":0},"end":{"line":22,"column":15}}},"fnMap":{"0":{"name":"(anonymous_0)","decl":{"start":{"line":14,"column":18},"end":{"line":14,"column":19}},"loc":{"start":{"line":14,"column":38},"end":{"line":16,"column":3}},"line":14},"1":{"name":"(anonymous_1)","decl":{"start":{"line":18,"column":8},"end":{"line":18,"column":9}},"loc":{"start":{"line":18,"column":22},"end":{"line":20,"column":1}},"line":18}},"branchMap":{},"s":{"0":2,"1":2,"2":2,"3":2,"4":2,"5":0,"6":2,"7":0,"8":2,"9":2},"f":{"0":0,"1":0},"b":{},"_coverageSchema":"1a1c01bbd47fc00a2c39e90264f33305004495a9","hash":"86ce6b48385c3f7831bf654413dcc60f4b296d88"}
,"/Users/mark/node-work/jotr-backend/src/controllers/auth.js": {"path":"/Users/mark/node-work/jotr-backend/src/controllers/auth.js","statementMap":{"0":{"start":{"line":7,"column":32},"end":{"line":7,"column":40}},"1":{"start":{"line":9,"column":23},"end":{"line":9,"column":52}},"2":{"start":{"line":10,"column":4},"end":{"line":11,"column":76}},"3":{"start":{"line":11,"column":6},"end":{"line":11,"column":76}},"4":{"start":{"line":13,"column":27},"end":{"line":13,"column":78}},"5":{"start":{"line":14,"column":4},"end":{"line":15,"column":76}},"6":{"start":{"line":15,"column":6},"end":{"line":15,"column":76}},"7":{"start":{"line":17,"column":18},"end":{"line":20,"column":5}},"8":{"start":{"line":21,"column":4},"end":{"line":21,"column":43}}},"fnMap":{"0":{"name":"(anonymous_0)","decl":{"start":{"line":6,"column":2},"end":{"line":6,"column":3}},"loc":{"start":{"line":6,"column":35},"end":{"line":22,"column":3}},"line":6}},"branchMap":{"0":{"loc":{"start":{"line":10,"column":4},"end":{"line":11,"column":76}},"type":"if","locations":[{"start":{"line":10,"column":4},"end":{"line":11,"column":76}},{"start":{},"end":{}}],"line":10},"1":{"loc":{"start":{"line":14,"column":4},"end":{"line":15,"column":76}},"type":"if","locations":[{"start":{"line":14,"column":4},"end":{"line":15,"column":76}},{"start":{},"end":{}}],"line":14}},"s":{"0":3,"1":3,"2":3,"3":1,"4":2,"5":2,"6":1,"7":1,"8":1},"f":{"0":3},"b":{"0":[1,2],"1":[1,1]},"_coverageSchema":"1a1c01bbd47fc00a2c39e90264f33305004495a9","hash":"27e960228ce00a1737ad3ce5054c218947ac9e26"}
,"/Users/mark/node-work/jotr-backend/src/controllers/users.js": {"path":"/Users/mark/node-work/jotr-backend/src/controllers/users.js","statementMap":{"0":{"start":{"line":6,"column":63},"end":{"line":6,"column":71}},"1":{"start":{"line":7,"column":24},"end":{"line":7,"column":53}},"2":{"start":{"line":8,"column":4},"end":{"line":9,"column":74}},"3":{"start":{"line":9,"column":6},"end":{"line":9,"column":74}},"4":{"start":{"line":11,"column":17},"end":{"line":11,"column":41}},"5":{"start":{"line":12,"column":23},"end":{"line":12,"column":56}},"6":{"start":{"line":13,"column":17},"end":{"line":19,"column":6}},"7":{"start":{"line":21,"column":4},"end":{"line":27,"column":7}}},"fnMap":{"0":{"name":"(anonymous_0)","decl":{"start":{"line":5,"column":2},"end":{"line":5,"column":3}},"loc":{"start":{"line":5,"column":39},"end":{"line":28,"column":3}},"line":5}},"branchMap":{"0":{"loc":{"start":{"line":8,"column":4},"end":{"line":9,"column":74}},"type":"if","locations":[{"start":{"line":8,"column":4},"end":{"line":9,"column":74}},{"start":{},"end":{}}],"line":8}},"s":{"0":2,"1":2,"2":2,"3":1,"4":1,"5":1,"6":1,"7":1},"f":{"0":2},"b":{"0":[1,1]},"_coverageSchema":"1a1c01bbd47fc00a2c39e90264f33305004495a9","hash":"fbe1f8457d387fddab8f8ebf73073be8a1aba1df"}
,"/Users/mark/node-work/jotr-backend/src/database/database.js": {"path":"/Users/mark/node-work/jotr-backend/src/database/database.js","statementMap":{"0":{"start":{"line":3,"column":21},"end":{"line":3,"column":32}},"1":{"start":{"line":7,"column":2},"end":{"line":16,"column":7}},"2":{"start":{"line":10,"column":6},"end":{"line":10,"column":56}},"3":{"start":{"line":13,"column":6},"end":{"line":13,"column":64}},"4":{"start":{"line":14,"column":6},"end":{"line":14,"column":27}},"5":{"start":{"line":15,"column":6},"end":{"line":15,"column":22}}},"fnMap":{"0":{"name":"connect","decl":{"start":{"line":5,"column":9},"end":{"line":5,"column":16}},"loc":{"start":{"line":5,"column":19},"end":{"line":17,"column":1}},"line":5},"1":{"name":"(anonymous_1)","decl":{"start":{"line":9,"column":10},"end":{"line":9,"column":11}},"loc":{"start":{"line":9,"column":16},"end":{"line":11,"column":5}},"line":9},"2":{"name":"(anonymous_2)","decl":{"start":{"line":12,"column":11},"end":{"line":12,"column":12}},"loc":{"start":{"line":12,"column":22},"end":{"line":16,"column":5}},"line":12}},"branchMap":{},"s":{"0":2,"1":2,"2":2,"3":0,"4":0,"5":0},"f":{"0":2,"1":2,"2":0},"b":{},"_coverageSchema":"1a1c01bbd47fc00a2c39e90264f33305004495a9","hash":"254af2c25f9cce022475373d789daa9096d515fc"}
,"/Users/mark/node-work/jotr-backend/src/middleware/async.js": {"path":"/Users/mark/node-work/jotr-backend/src/middleware/async.js","statementMap":{"0":{"start":{"line":2,"column":2},"end":{"line":8,"column":4}},"1":{"start":{"line":3,"column":4},"end":{"line":7,"column":5}},"2":{"start":{"line":4,"column":6},"end":{"line":4,"column":30}},"3":{"start":{"line":6,"column":6},"end":{"line":6,"column":16}}},"fnMap":{"0":{"name":"asyncMiddleware","decl":{"start":{"line":1,"column":24},"end":{"line":1,"column":39}},"loc":{"start":{"line":1,"column":49},"end":{"line":9,"column":1}},"line":1},"1":{"name":"(anonymous_1)","decl":{"start":{"line":2,"column":9},"end":{"line":2,"column":10}},"loc":{"start":{"line":2,"column":35},"end":{"line":8,"column":3}},"line":2}},"branchMap":{},"s":{"0":6,"1":5,"2":5,"3":0},"f":{"0":6,"1":5},"b":{},"_coverageSchema":"1a1c01bbd47fc00a2c39e90264f33305004495a9","hash":"dfb84ffae797bcb8bd1ebb4f2366f731e2354c33"}
,"/Users/mark/node-work/jotr-backend/src/middleware/error.js": {"path":"/Users/mark/node-work/jotr-backend/src/middleware/error.js","statementMap":{"0":{"start":{"line":3,"column":2},"end":{"line":3,"column":48}}},"fnMap":{"0":{"name":"(anonymous_0)","decl":{"start":{"line":2,"column":15},"end":{"line":2,"column":16}},"loc":{"start":{"line":2,"column":40},"end":{"line":4,"column":1}},"line":2}},"branchMap":{},"s":{"0":0},"f":{"0":0},"b":{},"_coverageSchema":"1a1c01bbd47fc00a2c39e90264f33305004495a9","hash":"a4d0c8156b7d7fd865a676e65d7f7e9154f78fa9"}
,"/Users/mark/node-work/jotr-backend/src/models/users.js": {"path":"/Users/mark/node-work/jotr-backend/src/models/users.js","statementMap":{"0":{"start":{"line":3,"column":19},"end":{"line":16,"column":2}}},"fnMap":{},"branchMap":{},"s":{"0":2},"f":{},"b":{},"_coverageSchema":"1a1c01bbd47fc00a2c39e90264f33305004495a9","hash":"4cfd6447531d21adc37a098cf397108ce05bef5b"}
,"/Users/mark/node-work/jotr-backend/src/routes/index.js": {"path":"/Users/mark/node-work/jotr-backend/src/routes/index.js","statementMap":{"0":{"start":{"line":4,"column":15},"end":{"line":4,"column":23}},"1":{"start":{"line":6,"column":0},"end":{"line":6,"column":30}}},"fnMap":{},"branchMap":{},"s":{"0":2,"1":2},"f":{},"b":{},"_coverageSchema":"1a1c01bbd47fc00a2c39e90264f33305004495a9","hash":"4640a152f8f21bc2306f012bb830fecbb53b9f19"}
,"/Users/mark/node-work/jotr-backend/src/routes/api-v1/auth.js": {"path":"/Users/mark/node-work/jotr-backend/src/routes/api-v1/auth.js","statementMap":{"0":{"start":{"line":6,"column":15},"end":{"line":6,"column":23}},"1":{"start":{"line":8,"column":0},"end":{"line":17,"column":2}}},"fnMap":{},"branchMap":{},"s":{"0":2,"1":2},"f":{},"b":{},"_coverageSchema":"1a1c01bbd47fc00a2c39e90264f33305004495a9","hash":"6f8695138bc7e27f8552621e07d2f2eb8bbc1b87"}
,"/Users/mark/node-work/jotr-backend/src/routes/api-v1/index.js": {"path":"/Users/mark/node-work/jotr-backend/src/routes/api-v1/index.js","statementMap":{"0":{"start":{"line":5,"column":16},"end":{"line":5,"column":24}},"1":{"start":{"line":7,"column":0},"end":{"line":7,"column":29}},"2":{"start":{"line":8,"column":0},"end":{"line":8,"column":27}}},"fnMap":{},"branchMap":{},"s":{"0":2,"1":2,"2":2},"f":{},"b":{},"_coverageSchema":"1a1c01bbd47fc00a2c39e90264f33305004495a9","hash":"a8346a65ea161322afe00503f5570da9ead76aeb"}
,"/Users/mark/node-work/jotr-backend/src/routes/api-v1/users.js": {"path":"/Users/mark/node-work/jotr-backend/src/routes/api-v1/users.js","statementMap":{"0":{"start":{"line":6,"column":15},"end":{"line":6,"column":23}},"1":{"start":{"line":8,"column":0},"end":{"line":20,"column":2}}},"fnMap":{},"branchMap":{},"s":{"0":2,"1":2},"f":{},"b":{},"_coverageSchema":"1a1c01bbd47fc00a2c39e90264f33305004495a9","hash":"e5108bf74666b9709932a04505e9ef6575c24f7e"}
,"/Users/mark/node-work/jotr-backend/src/tests/index.js": {"path":"/Users/mark/node-work/jotr-backend/src/tests/index.js","statementMap":{"0":{"start":{"line":5,"column":16},"end":{"line":5,"column":25}},"1":{"start":{"line":6,"column":20},"end":{"line":6,"column":32}},"2":{"start":{"line":9,"column":4},"end":{"line":9,"column":48}},"3":{"start":{"line":13,"column":4},"end":{"line":13,"column":47}},"4":{"start":{"line":17,"column":4},"end":{"line":17,"column":49}},"5":{"start":{"line":21,"column":4},"end":{"line":21,"column":50}}},"fnMap":{"0":{"name":"(anonymous_0)","decl":{"start":{"line":8,"column":2},"end":{"line":8,"column":3}},"loc":{"start":{"line":8,"column":19},"end":{"line":10,"column":3}},"line":8},"1":{"name":"(anonymous_1)","decl":{"start":{"line":12,"column":2},"end":{"line":12,"column":3}},"loc":{"start":{"line":12,"column":18},"end":{"line":14,"column":3}},"line":12},"2":{"name":"(anonymous_2)","decl":{"start":{"line":16,"column":2},"end":{"line":16,"column":3}},"loc":{"start":{"line":16,"column":20},"end":{"line":18,"column":3}},"line":16},"3":{"name":"(anonymous_3)","decl":{"start":{"line":20,"column":2},"end":{"line":20,"column":3}},"loc":{"start":{"line":20,"column":21},"end":{"line":22,"column":3}},"line":20}},"branchMap":{},"s":{"0":2,"1":2,"2":5,"3":0,"4":0,"5":0},"f":{"0":5,"1":0,"2":0,"3":0},"b":{},"_coverageSchema":"1a1c01bbd47fc00a2c39e90264f33305004495a9","hash":"40c11a7da94d811d92d4559769e5542a8c79f903"}
,"/Users/mark/node-work/jotr-backend/src/tests/testdata/userTestData.js": {"path":"/Users/mark/node-work/jotr-backend/src/tests/testdata/userTestData.js","statementMap":{"0":{"start":{"line":5,"column":13},"end":{"line":5,"column":42}},"1":{"start":{"line":6,"column":13},"end":{"line":6,"column":42}},"2":{"start":{"line":7,"column":13},"end":{"line":7,"column":42}},"3":{"start":{"line":8,"column":13},"end":{"line":8,"column":42}},"4":{"start":{"line":9,"column":13},"end":{"line":9,"column":42}},"5":{"start":{"line":10,"column":13},"end":{"line":10,"column":42}},"6":{"start":{"line":11,"column":13},"end":{"line":11,"column":42}},"7":{"start":{"line":12,"column":13},"end":{"line":12,"column":42}},"8":{"start":{"line":13,"column":13},"end":{"line":13,"column":42}},"9":{"start":{"line":15,"column":13},"end":{"line":15,"column":69}},"10":{"start":{"line":18,"column":19},"end":{"line":18,"column":29}},"11":{"start":{"line":19,"column":15},"end":{"line":19,"column":39}},"12":{"start":{"line":20,"column":21},"end":{"line":20,"column":54}},"13":{"start":{"line":21,"column":16},"end":{"line":94,"column":3}},"14":{"start":{"line":95,"column":2},"end":{"line":95,"column":31}},"15":{"start":{"line":99,"column":2},"end":{"line":99,"column":28}}},"fnMap":{"0":{"name":"createUsers","decl":{"start":{"line":17,"column":15},"end":{"line":17,"column":26}},"loc":{"start":{"line":17,"column":29},"end":{"line":96,"column":1}},"line":17},"1":{"name":"deleteUsers","decl":{"start":{"line":98,"column":15},"end":{"line":98,"column":26}},"loc":{"start":{"line":98,"column":29},"end":{"line":100,"column":1}},"line":98}},"branchMap":{},"s":{"0":2,"1":2,"2":2,"3":2,"4":2,"5":2,"6":2,"7":2,"8":2,"9":2,"10":5,"11":5,"12":5,"13":5,"14":5,"15":5},"f":{"0":5,"1":5},"b":{},"_coverageSchema":"1a1c01bbd47fc00a2c39e90264f33305004495a9","hash":"9c25ce9dbc627f26bb08e3d69e7536a1e2151110"}
}
