TN:
SF:src/app.js
FN:14,(anonymous_0)
FN:18,(anonymous_1)
FNF:2
FNH:0
FNDA:0,(anonymous_0)
FNDA:0,(anonymous_1)
DA:8,2
DA:9,2
DA:10,2
DA:11,2
DA:12,2
DA:15,0
DA:18,2
DA:19,0
DA:21,2
DA:22,2
LF:10
LH:8
BRF:0
BRH:0
end_of_record
TN:
SF:src/controllers/auth.js
FN:6,(anonymous_0)
FNF:1
FNH:1
FNDA:3,(anonymous_0)
DA:7,3
DA:9,3
DA:10,3
DA:11,1
DA:13,2
DA:14,2
DA:15,1
DA:17,1
DA:21,1
LF:9
LH:9
BRDA:10,0,0,1
BRDA:10,0,1,2
BRDA:14,1,0,1
BRDA:14,1,1,1
BRF:4
BRH:4
end_of_record
TN:
SF:src/controllers/users.js
FN:5,(anonymous_0)
FNF:1
FNH:1
FNDA:2,(anonymous_0)
DA:6,2
DA:7,2
DA:8,2
DA:9,1
DA:11,1
DA:12,1
DA:13,1
DA:21,1
LF:8
LH:8
BRDA:8,0,0,1
BRDA:8,0,1,1
BRF:2
BRH:2
end_of_record
TN:
SF:src/database/database.js
FN:5,connect
FN:9,(anonymous_1)
FN:12,(anonymous_2)
FNF:3
FNH:2
FNDA:2,connect
FNDA:2,(anonymous_1)
FNDA:0,(anonymous_2)
DA:3,2
DA:7,2
DA:10,2
DA:13,0
DA:14,0
DA:15,0
LF:6
LH:3
BRF:0
BRH:0
end_of_record
TN:
SF:src/middleware/async.js
FN:1,asyncMiddleware
FN:2,(anonymous_1)
FNF:2
FNH:2
FNDA:6,asyncMiddleware
FNDA:5,(anonymous_1)
DA:2,6
DA:3,5
DA:4,5
DA:6,0
LF:4
LH:3
BRF:0
BRH:0
end_of_record
TN:
SF:src/middleware/error.js
FN:2,(anonymous_0)
FNF:1
FNH:0
FNDA:0,(anonymous_0)
DA:3,0
LF:1
LH:0
BRF:0
BRH:0
end_of_record
TN:
SF:src/models/users.js
FNF:0
FNH:0
DA:3,2
LF:1
LH:1
BRF:0
BRH:0
end_of_record
TN:
SF:src/routes/index.js
FNF:0
FNH:0
DA:4,2
DA:6,2
LF:2
LH:2
BRF:0
BRH:0
end_of_record
TN:
SF:src/routes/api-v1/auth.js
FNF:0
FNH:0
DA:6,2
DA:8,2
LF:2
LH:2
BRF:0
BRH:0
end_of_record
TN:
SF:src/routes/api-v1/index.js
FNF:0
FNH:0
DA:5,2
DA:7,2
DA:8,2
LF:3
LH:3
BRF:0
BRH:0
end_of_record
TN:
SF:src/routes/api-v1/users.js
FNF:0
FNH:0
DA:6,2
DA:8,2
LF:2
LH:2
BRF:0
BRH:0
end_of_record
TN:
SF:src/tests/index.js
FN:8,(anonymous_0)
FN:12,(anonymous_1)
FN:16,(anonymous_2)
FN:20,(anonymous_3)
FNF:4
FNH:1
FNDA:5,(anonymous_0)
FNDA:0,(anonymous_1)
FNDA:0,(anonymous_2)
FNDA:0,(anonymous_3)
DA:5,2
DA:6,2
DA:9,5
DA:13,0
DA:17,0
DA:21,0
LF:6
LH:3
BRF:0
BRH:0
end_of_record
TN:
SF:src/tests/testdata/userTestData.js
FN:17,createUsers
FN:98,deleteUsers
FNF:2
FNH:2
FNDA:5,createUsers
FNDA:5,deleteUsers
DA:5,2
DA:6,2
DA:7,2
DA:8,2
DA:9,2
DA:10,2
DA:11,2
DA:12,2
DA:13,2
DA:15,2
DA:18,5
DA:19,5
DA:20,5
DA:21,5
DA:95,5
DA:99,5
LF:16
LH:16
BRF:0
BRH:0
end_of_record
